/tmp/test/qwerrrr_290623 29062023
/tmp/test/qwerrrrr_290623 29062023
/tmp/test/qwerrrrrr_290623 29062023
/tmp/test/qwerrrrrrr_290623 29062023
/tmp/test/qwerrrrrrrr_290623 29062023
/tmp/test/qwerrrr_290623 29.06.2023
/tmp/test/qwerrrr_290623/asdddd_290623.zx 29.06.2023 100K
/tmp/test/qwerrrr_290623/asddddd_290623.zx 29.06.2023 100K
/tmp/test/qwerrrr_290623/asdddddd_290623.zx 29.06.2023 100K
/tmp/test/qwerrrrr_290623 29.06.2023
/tmp/test/qwerrrrr_290623/asdddd_290623.zx 29.06.2023 100K
/tmp/test/qwerrrrr_290623/asddddd_290623.zx 29.06.2023 100K
/tmp/test/qwerrrrr_290623/asdddddd_290623.zx 29.06.2023 100K
/tmp/test/qwerrrrrr_290623 29.06.2023
/tmp/test/qwerrrrrr_290623/asdddd_290623.zx 29.06.2023 100K
/tmp/test/qwerrrrrr_290623/asddddd_290623.zx 29.06.2023 100K
/tmp/test/qwerrrrrr_290623/asdddddd_290623.zx 29.06.2023 100K
/tmp/test/qwerrrrrrr_290623 29.06.2023
/tmp/test/qwerrrrrrr_290623/asdddd_290623.zx 29.06.2023 100K
/tmp/test/qwerrrrrrr_290623/asddddd_290623.zx 29.06.2023 100K
/tmp/test/qwerrrrrrr_290623/asdddddd_290623.zx 29.06.2023 100K
/tmp/test/qwerrrrrrrr_290623 29.06.2023
/tmp/test/qwerrrrrrrr_290623/asdddd_290623.zx 29.06.2023 100K
/tmp/test/qwerrrrrrrr_290623/asddddd_290623.zx 29.06.2023 100K
/tmp/test/qwerrrrrrrr_290623/asdddddd_290623.zx 29.06.2023 100K
/tmp/test/qqqq_060723 06.07.2023
/tmp/test/qqqq_060723/aaaa_060723.z 06.07.2023 5K
/tmp/test/qqqq_060723/aaaaa_060723.z 06.07.2023 5K
/tmp/test/qqqq_060723/aaaaaa_060723.z 06.07.2023 5K
/tmp/test/qqqqq_060723 06.07.2023
/tmp/test/qqqqq_060723/aaaa_060723.z 06.07.2023 5K
/tmp/test/qqqqq_060723/aaaaa_060723.z 06.07.2023 5K
/tmp/test/qqqqq_060723/aaaaaa_060723.z 06.07.2023 5K
/tmp/test/qqqqqq_060723 06.07.2023
/tmp/test/qqqqqq_060723/aaaa_060723.z 06.07.2023 5K
/tmp/test/qqqqqq_060723/aaaaa_060723.z 06.07.2023 5K
/tmp/test/qqqqqq_060723/aaaaaa_060723.z 06.07.2023 5K
/tmp/test/qqqqqqq_060723 06.07.2023
/tmp/test/qqqqqqq_060723/aaaa_060723.z 06.07.2023 5K
/tmp/test/qqqqqqq_060723/aaaaa_060723.z 06.07.2023 5K
/tmp/test/qqqqqqq_060723/aaaaaa_060723.z 06.07.2023 5K
/tmp/test/qqqq_060723 06.07.2023
/tmp/test/qqqq_060723/aaaa_060723.-3333 06.07.2023 5K
/tmp/test/qqqq_060723/aaaaa_060723.-3333 06.07.2023 5K
/tmp/test/qqqq_060723/aaaaaa_060723.-3333 06.07.2023 5K
/tmp/test/qqqqq_060723 06.07.2023
/tmp/test/qqqqq_060723/aaaa_060723.-3333 06.07.2023 5K
/tmp/test/qqqqq_060723/aaaaa_060723.-3333 06.07.2023 5K
/tmp/test/qqqqq_060723/aaaaaa_060723.-3333 06.07.2023 5K
/tmp/test/qqqqqq_060723 06.07.2023
/tmp/test/qqqqqq_060723/aaaa_060723.-3333 06.07.2023 5K
/tmp/test/qqqqqq_060723/aaaaa_060723.-3333 06.07.2023 5K
/tmp/test/qqqqqq_060723/aaaaaa_060723.-3333 06.07.2023 5K
/tmp/test/qqqqqqq_060723 06.07.2023
/tmp/test/qqqqqqq_060723/aaaa_060723.-3333 06.07.2023 5K
/tmp/test/qqqqqqq_060723/aaaaa_060723.-3333 06.07.2023 5K
/tmp/test/qqqqqqq_060723/aaaaaa_060723.-3333 06.07.2023 5K
/tmp/test/qqqq_060723 06.07.2023
/tmp/test/qqqq_060723/aaaa_060723.-3333 06.07.2023 5K
/tmp/test/qqqq_060723/aaaaa_060723.-3333 06.07.2023 5K
/tmp/test/qqqq_060723/aaaaaa_060723.-3333 06.07.2023 5K
/tmp/test/qqqqq_060723 06.07.2023
/tmp/test/qqqqq_060723/aaaa_060723.-3333 06.07.2023 5K
/tmp/test/qqqqq_060723/aaaaa_060723.-3333 06.07.2023 5K
/tmp/test/qqqqq_060723/aaaaaa_060723.-3333 06.07.2023 5K
/tmp/test/qqqqqq_060723 06.07.2023
/tmp/test/qqqqqq_060723/aaaa_060723.-3333 06.07.2023 5K
/tmp/test/qqqqqq_060723/aaaaa_060723.-3333 06.07.2023 5K
/tmp/test/qqqqqq_060723/aaaaaa_060723.-3333 06.07.2023 5K
/tmp/test/qqqqqqq_060723 06.07.2023
/tmp/test/qqqqqqq_060723/aaaa_060723.-3333 06.07.2023 5K
/tmp/test/qqqqqqq_060723/aaaaa_060723.-3333 06.07.2023 5K
/tmp/test/qqqqqqq_060723/aaaaaa_060723.-3333 06.07.2023 5K
/tmp/test/qqqq_060723 06.07.2023
/tmp/test/qqqq_060723/aaaa_060723.z 06.07.2023 5K
/tmp/test/qqqq_060723/aaaaa_060723.z 06.07.2023 5K
/tmp/test/qqqq_060723/aaaaaa_060723.z 06.07.2023 5K
/tmp/test/qqqqq_060723 06.07.2023
/tmp/test/qqqqq_060723/aaaa_060723.z 06.07.2023 5K
/tmp/test/qqqqq_060723/aaaaa_060723.z 06.07.2023 5K
/tmp/test/qqqqq_060723/aaaaaa_060723.z 06.07.2023 5K
/tmp/test/qqqqqq_060723 06.07.2023
/tmp/test/qqqqqq_060723/aaaa_060723.z 06.07.2023 5K
/tmp/test/qqqqqq_060723/aaaaa_060723.z 06.07.2023 5K
/tmp/test/qqqqqq_060723/aaaaaa_060723.z 06.07.2023 5K
/tmp/test/qqqqqqq_060723 06.07.2023
/tmp/test/qqqqqqq_060723/aaaa_060723.z 06.07.2023 5K
/tmp/test/qqqqqqq_060723/aaaaa_060723.z 06.07.2023 5K
/tmp/test/qqqqqqq_060723/aaaaaa_060723.z 06.07.2023 5K
/tmp/test/qqqq_060723 06.07.2023
/tmp/test/qqqq_060723/aaaa_060723.z 06.07.2023 5K
/tmp/test/qqqq_060723/aaaaa_060723.z 06.07.2023 5K
/tmp/test/qqqq_060723/aaaaaa_060723.z 06.07.2023 5K
/tmp/test/qqqqq_060723 06.07.2023
/tmp/test/qqqqq_060723/aaaa_060723.z 06.07.2023 5K
/tmp/test/qqqqq_060723/aaaaa_060723.z 06.07.2023 5K
/tmp/test/qqqqq_060723/aaaaaa_060723.z 06.07.2023 5K
/tmp/test/qqqqqq_060723 06.07.2023
/tmp/test/qqqqqq_060723/aaaa_060723.z 06.07.2023 5K
/tmp/test/qqqqqq_060723/aaaaa_060723.z 06.07.2023 5K
/tmp/test/qqqqqq_060723/aaaaaa_060723.z 06.07.2023 5K
/tmp/test/qqqqqqq_060723 06.07.2023
/tmp/test/qqqqqqq_060723/aaaa_060723.z 06.07.2023 5K
/tmp/test/qqqqqqq_060723/aaaaa_060723.z 06.07.2023 5K
/tmp/test/qqqqqqq_060723/aaaaaa_060723.z 06.07.2023 5K
/tmp/test/qqqq_060723 06.07.2023
/tmp/test/qqqq_060723/aaaa_060723.z 06.07.2023 5K
/tmp/test/qqqq_060723/aaaaa_060723.z 06.07.2023 5K
/tmp/test/qqqq_060723/aaaaaa_060723.z 06.07.2023 5K
/tmp/test/qqqqq_060723 06.07.2023
/tmp/test/qqqqq_060723/aaaa_060723.z 06.07.2023 5K
/tmp/test/qqqqq_060723/aaaaa_060723.z 06.07.2023 5K
/tmp/test/qqqqq_060723/aaaaaa_060723.z 06.07.2023 5K
/tmp/test/qqqqqq_060723 06.07.2023
/tmp/test/qqqqqq_060723/aaaa_060723.z 06.07.2023 5K
/tmp/test/qqqqqq_060723/aaaaa_060723.z 06.07.2023 5K
/tmp/test/qqqqqq_060723/aaaaaa_060723.z 06.07.2023 5K
/tmp/test/qqqqqqq_060723 06.07.2023
/tmp/test/qqqqqqq_060723/aaaa_060723.z 06.07.2023 5K
/tmp/test/qqqqqqq_060723/aaaaa_060723.z 06.07.2023 5K
/tmp/test/qqqqqqq_060723/aaaaaa_060723.z 06.07.2023 5K
/tmp/test/qqqq_060723 06.07.2023
/tmp/test/qqqq_060723/aaaa_060723.z 06.07.2023 5K
/tmp/test/qqqq_060723/aaaaa_060723.z 06.07.2023 5K
/tmp/test/qqqq_060723/aaaaaa_060723.z 06.07.2023 5K
/tmp/test/qqqqq_060723 06.07.2023
/tmp/test/qqqqq_060723/aaaa_060723.z 06.07.2023 5K
/tmp/test/qqqqq_060723/aaaaa_060723.z 06.07.2023 5K
/tmp/test/qqqqq_060723/aaaaaa_060723.z 06.07.2023 5K
/tmp/test/qqqqqq_060723 06.07.2023
/tmp/test/qqqqqq_060723/aaaa_060723.z 06.07.2023 5K
/tmp/test/qqqqqq_060723/aaaaa_060723.z 06.07.2023 5K
/tmp/test/qqqqqq_060723/aaaaaa_060723.z 06.07.2023 5K
/tmp/test/qqqqqqq_060723 06.07.2023
/tmp/test/qqqqqqq_060723/aaaa_060723.z 06.07.2023 5K
/tmp/test/qqqqqqq_060723/aaaaa_060723.z 06.07.2023 5K
/tmp/test/qqqqqqq_060723/aaaaaa_060723.z 06.07.2023 5K
/tmp/test/qqqq_060723 06.07.2023
/tmp/test/qqqq_060723/aaaa_060723.z 06.07.2023 5K
/tmp/test/qqqq_060723/aaaaa_060723.z 06.07.2023 5K
/tmp/test/qqqq_060723/aaaaaa_060723.z 06.07.2023 5K
/tmp/test/qqqqq_060723 06.07.2023
/tmp/test/qqqqq_060723/aaaa_060723.z 06.07.2023 5K
/tmp/test/qqqqq_060723/aaaaa_060723.z 06.07.2023 5K
/tmp/test/qqqqq_060723/aaaaaa_060723.z 06.07.2023 5K
/tmp/test/qqqqqq_060723 06.07.2023
/tmp/test/qqqqqq_060723/aaaa_060723.z 06.07.2023 5K
/tmp/test/qqqqqq_060723/aaaaa_060723.z 06.07.2023 5K
/tmp/test/qqqqqq_060723/aaaaaa_060723.z 06.07.2023 5K
/tmp/test/qqqqqqq_060723 06.07.2023
/tmp/test/qqqqqqq_060723/aaaa_060723.z 06.07.2023 5K
/tmp/test/qqqqqqq_060723/aaaaa_060723.z 06.07.2023 5K
/tmp/test/qqqqqqq_060723/aaaaaa_060723.z 06.07.2023 5K
/tmp/test/qqqq_060723 06.07.2023
/tmp/test/qqqq_060723/aaaa_060723.z 06.07.2023 5K
/tmp/test/qqqq_060723/aaaaa_060723.z 06.07.2023 5K
/tmp/test/qqqq_060723/aaaaaa_060723.z 06.07.2023 5K
/tmp/test/qqqqq_060723 06.07.2023
/tmp/test/qqqqq_060723/aaaa_060723.z 06.07.2023 5K
/tmp/test/qqqqq_060723/aaaaa_060723.z 06.07.2023 5K
/tmp/test/qqqqq_060723/aaaaaa_060723.z 06.07.2023 5K
/tmp/test/qqqqqq_060723 06.07.2023
/tmp/test/qqqqqq_060723/aaaa_060723.z 06.07.2023 5K
/tmp/test/qqqqqq_060723/aaaaa_060723.z 06.07.2023 5K
/tmp/test/qqqqqq_060723/aaaaaa_060723.z 06.07.2023 5K
/tmp/test/qqqqqqq_060723 06.07.2023
/tmp/test/qqqqqqq_060723/aaaa_060723.z 06.07.2023 5K
/tmp/test/qqqqqqq_060723/aaaaa_060723.z 06.07.2023 5K
/tmp/test/qqqqqqq_060723/aaaaaa_060723.z 06.07.2023 5K
/tmp/test/qqqq_060723 06.07.2023
/tmp/test/qqqq_060723/aaaa_060723.z 06.07.2023 5K
/tmp/test/qqqq_060723/aaaaa_060723.z 06.07.2023 5K
/tmp/test/qqqq_060723/aaaaaa_060723.z 06.07.2023 5K
/tmp/test/qqqqq_060723 06.07.2023
/tmp/test/qqqqq_060723/aaaa_060723.z 06.07.2023 5K
/tmp/test/qqqqq_060723/aaaaa_060723.z 06.07.2023 5K
/tmp/test/qqqqq_060723/aaaaaa_060723.z 06.07.2023 5K
/tmp/test/qqqqqq_060723 06.07.2023
/tmp/test/qqqqqq_060723/aaaa_060723.z 06.07.2023 5K
/tmp/test/qqqqqq_060723/aaaaa_060723.z 06.07.2023 5K
/tmp/test/qqqqqq_060723/aaaaaa_060723.z 06.07.2023 5K
/tmp/test/qqqqqqq_060723 06.07.2023
/tmp/test/qqqqqqq_060723/aaaa_060723.z 06.07.2023 5K
/tmp/test/qqqqqqq_060723/aaaaa_060723.z 06.07.2023 5K
/tmp/test/qqqqqqq_060723/aaaaaa_060723.z 06.07.2023 5K
/tmp/test/qqqq_060723 06.07.2023
/tmp/test/qqqq_060723/aaaa_060723.z 06.07.2023 5K
/tmp/test/qqqq_060723/aaaaa_060723.z 06.07.2023 5K
/tmp/test/qqqq_060723/aaaaaa_060723.z 06.07.2023 5K
/tmp/test/qqqqq_060723 06.07.2023
/tmp/test/qqqqq_060723/aaaa_060723.z 06.07.2023 5K
/tmp/test/qqqqq_060723/aaaaa_060723.z 06.07.2023 5K
/tmp/test/qqqqq_060723/aaaaaa_060723.z 06.07.2023 5K
/tmp/test/qqqqqq_060723 06.07.2023
/tmp/test/qqqqqq_060723/aaaa_060723.z 06.07.2023 5K
/tmp/test/qqqqqq_060723/aaaaa_060723.z 06.07.2023 5K
/tmp/test/qqqqqq_060723/aaaaaa_060723.z 06.07.2023 5K
/tmp/test/qqqqqqq_060723 06.07.2023
/tmp/test/qqqqqqq_060723/aaaa_060723.z 06.07.2023 5K
/tmp/test/qqqqqqq_060723/aaaaa_060723.z 06.07.2023 5K
/tmp/test/qqqqqqq_060723/aaaaaa_060723.z 06.07.2023 5K
/tmp/test/qqqq_060723 06.07.2023
/tmp/test/qqqq_060723/aaaa_060723.z 06.07.2023 5K
/tmp/test/qqqq_060723/aaaaa_060723.z 06.07.2023 5K
/tmp/test/qqqq_060723/aaaaaa_060723.z 06.07.2023 5K
/tmp/test/qqqqq_060723 06.07.2023
/tmp/test/qqqqq_060723/aaaa_060723.z 06.07.2023 5K
/tmp/test/qqqqq_060723/aaaaa_060723.z 06.07.2023 5K
/tmp/test/qqqqq_060723/aaaaaa_060723.z 06.07.2023 5K
/tmp/test/qqqqqq_060723 06.07.2023
/tmp/test/qqqqqq_060723/aaaa_060723.z 06.07.2023 5K
/tmp/test/qqqqqq_060723/aaaaa_060723.z 06.07.2023 5K
/tmp/test/qqqqqq_060723/aaaaaa_060723.z 06.07.2023 5K
/tmp/test/qqqqqqq_060723 06.07.2023
/tmp/test/qqqqqqq_060723/aaaa_060723.z 06.07.2023 5K
/tmp/test/qqqqqqq_060723/aaaaa_060723.z 06.07.2023 5K
/tmp/test/qqqqqqq_060723/aaaaaa_060723.z 06.07.2023 5K
/tmp/test/qqqq_060723 06.07.2023
/tmp/test/qqqq_060723/aaaa_060723.z 06.07.2023 5K
/tmp/test/qqqq_060723/aaaaa_060723.z 06.07.2023 5K
/tmp/test/qqqq_060723/aaaaaa_060723.z 06.07.2023 5K
/tmp/test/qqqqq_060723 06.07.2023
/tmp/test/qqqqq_060723/aaaa_060723.z 06.07.2023 5K
/tmp/test/qqqqq_060723/aaaaa_060723.z 06.07.2023 5K
/tmp/test/qqqqq_060723/aaaaaa_060723.z 06.07.2023 5K
/tmp/test/qqqqqq_060723 06.07.2023
/tmp/test/qqqqqq_060723/aaaa_060723.z 06.07.2023 5K
/tmp/test/qqqqqq_060723/aaaaa_060723.z 06.07.2023 5K
/tmp/test/qqqqqq_060723/aaaaaa_060723.z 06.07.2023 5K
/tmp/test/qqqqqqq_060723 06.07.2023
/tmp/test/qqqqqqq_060723/aaaa_060723.z 06.07.2023 5K
/tmp/test/qqqqqqq_060723/aaaaa_060723.z 06.07.2023 5K
/tmp/test/qqqqqqq_060723/aaaaaa_060723.z 06.07.2023 5K
/tmp/test/qqqq_060723 06.07.2023
/tmp/test/qqqq_060723/aaaa_060723.z 06.07.2023 5K
/tmp/test/qqqq_060723/aaaaa_060723.z 06.07.2023 5K
/tmp/test/qqqq_060723/aaaaaa_060723.z 06.07.2023 5K
/tmp/test/qqqqq_060723 06.07.2023
/tmp/test/qqqqq_060723/aaaa_060723.z 06.07.2023 5K
/tmp/test/qqqqq_060723/aaaaa_060723.z 06.07.2023 5K
/tmp/test/qqqqq_060723/aaaaaa_060723.z 06.07.2023 5K
/tmp/test/qqqqqq_060723 06.07.2023
/tmp/test/qqqqqq_060723/aaaa_060723.z 06.07.2023 5K
/tmp/test/qqqqqq_060723/aaaaa_060723.z 06.07.2023 5K
/tmp/test/qqqqqq_060723/aaaaaa_060723.z 06.07.2023 5K
/tmp/test/qqqqqqq_060723 06.07.2023
/tmp/test/qqqqqqq_060723/aaaa_060723.z 06.07.2023 5K
/tmp/test/qqqqqqq_060723/aaaaa_060723.z 06.07.2023 5K
/tmp/test/qqqqqqq_060723/aaaaaa_060723.z 06.07.2023 5K
/tmp/test/qqqq_060723 06.07.2023
/tmp/test/qqqq_060723/aaaa_060723.z 06.07.2023 5K
/tmp/test/qqqq_060723/aaaaa_060723.z 06.07.2023 5K
/tmp/test/qqqq_060723/aaaaaa_060723.z 06.07.2023 5K
/tmp/test/qqqqq_060723 06.07.2023
/tmp/test/qqqqq_060723/aaaa_060723.z 06.07.2023 5K
/tmp/test/qqqqq_060723/aaaaa_060723.z 06.07.2023 5K
/tmp/test/qqqqq_060723/aaaaaa_060723.z 06.07.2023 5K
/tmp/test/qqqqqq_060723 06.07.2023
/tmp/test/qqqqqq_060723/aaaa_060723.z 06.07.2023 5K
/tmp/test/qqqqqq_060723/aaaaa_060723.z 06.07.2023 5K
/tmp/test/qqqqqq_060723/aaaaaa_060723.z 06.07.2023 5K
/tmp/test/qqqqqqq_060723 06.07.2023
/tmp/test/qqqqqqq_060723/aaaa_060723.z 06.07.2023 5K
/tmp/test/qqqqqqq_060723/aaaaa_060723.z 06.07.2023 5K
/tmp/test/qqqqqqq_060723/aaaaaa_060723.z 06.07.2023 5K
/tmp/test/qqqq_060723 06.07.2023
/tmp/test/qqqq_060723/aaaa_060723.z 06.07.2023 5K
/tmp/test/qqqq_060723/aaaaa_060723.z 06.07.2023 5K
/tmp/test/qqqq_060723/aaaaaa_060723.z 06.07.2023 5K
/tmp/test/qqqqq_060723 06.07.2023
/tmp/test/qqqqq_060723/aaaa_060723.z 06.07.2023 5K
/tmp/test/qqqqq_060723/aaaaa_060723.z 06.07.2023 5K
/tmp/test/qqqqq_060723/aaaaaa_060723.z 06.07.2023 5K
/tmp/test/qqqqqq_060723 06.07.2023
/tmp/test/qqqqqq_060723/aaaa_060723.z 06.07.2023 5K
/tmp/test/qqqqqq_060723/aaaaa_060723.z 06.07.2023 5K
/tmp/test/qqqqqq_060723/aaaaaa_060723.z 06.07.2023 5K
/tmp/test/qqqqqqq_060723 06.07.2023
/tmp/test/qqqqqqq_060723/aaaa_060723.z 06.07.2023 5K
/tmp/test/qqqqqqq_060723/aaaaa_060723.z 06.07.2023 5K
/tmp/test/qqqqqqq_060723/aaaaaa_060723.z 06.07.2023 5K
/tmp/test/qqqq_060723 06.07.2023
/tmp/test/qqqq_060723/aaaa_060723.-3333 06.07.2023 5K
/tmp/test/qqqq_060723/aaaaa_060723.-3333 06.07.2023 5K
/tmp/test/qqqq_060723/aaaaaa_060723.-3333 06.07.2023 5K
/tmp/test/qqqqq_060723 06.07.2023
/tmp/test/qqqqq_060723/aaaa_060723.-3333 06.07.2023 5K
/tmp/test/qqqqq_060723/aaaaa_060723.-3333 06.07.2023 5K
/tmp/test/qqqqq_060723/aaaaaa_060723.-3333 06.07.2023 5K
/tmp/test/qqqqqq_060723 06.07.2023
/tmp/test/qqqqqq_060723/aaaa_060723.-3333 06.07.2023 5K
/tmp/test/qqqqqq_060723/aaaaa_060723.-3333 06.07.2023 5K
/tmp/test/qqqqqq_060723/aaaaaa_060723.-3333 06.07.2023 5K
/tmp/test/qqqqqqq_060723 06.07.2023
/tmp/test/qqqqqqq_060723/aaaa_060723.-3333 06.07.2023 5K
/tmp/test/qqqqqqq_060723/aaaaa_060723.-3333 06.07.2023 5K
/tmp/test/qqqqqqq_060723/aaaaaa_060723.-3333 06.07.2023 5K
/tmp/test/qqqq_060723 06.07.2023
/tmp/test/qqqq_060723/aaaa_060723.-3333 06.07.2023 5K
/tmp/test/qqqq_060723/aaaaa_060723.-3333 06.07.2023 5K
/tmp/test/qqqq_060723/aaaaaa_060723.-3333 06.07.2023 5K
/tmp/test/qqqqq_060723 06.07.2023
/tmp/test/qqqqq_060723/aaaa_060723.-3333 06.07.2023 5K
/tmp/test/qqqqq_060723/aaaaa_060723.-3333 06.07.2023 5K
/tmp/test/qqqqq_060723/aaaaaa_060723.-3333 06.07.2023 5K
/tmp/test/qqqqqq_060723 06.07.2023
/tmp/test/qqqqqq_060723/aaaa_060723.-3333 06.07.2023 5K
/tmp/test/qqqqqq_060723/aaaaa_060723.-3333 06.07.2023 5K
/tmp/test/qqqqqq_060723/aaaaaa_060723.-3333 06.07.2023 5K
/tmp/test/qqqqqqq_060723 06.07.2023
/tmp/test/qqqqqqq_060723/aaaa_060723.-3333 06.07.2023 5K
/tmp/test/qqqqqqq_060723/aaaaa_060723.-3333 06.07.2023 5K
/tmp/test/qqqqqqq_060723/aaaaaa_060723.-3333 06.07.2023 5K
/tmp/test/qqqq_060723 06.07.2023
/tmp/test/qqqq_060723/aaaa_060723.-3333 06.07.2023 5K
/tmp/test/qqqq_060723/aaaaa_060723.-3333 06.07.2023 5K
/tmp/test/qqqq_060723/aaaaaa_060723.-3333 06.07.2023 5K
/tmp/test/qqqqq_060723 06.07.2023
/tmp/test/qqqqq_060723/aaaa_060723.-3333 06.07.2023 5K
/tmp/test/qqqqq_060723/aaaaa_060723.-3333 06.07.2023 5K
/tmp/test/qqqqq_060723/aaaaaa_060723.-3333 06.07.2023 5K
/tmp/test/qqqqqq_060723 06.07.2023
/tmp/test/qqqqqq_060723/aaaa_060723.-3333 06.07.2023 5K
/tmp/test/qqqqqq_060723/aaaaa_060723.-3333 06.07.2023 5K
/tmp/test/qqqqqq_060723/aaaaaa_060723.-3333 06.07.2023 5K
/tmp/test/qqqqqqq_060723 06.07.2023
/tmp/test/qqqqqqq_060723/aaaa_060723.-3333 06.07.2023 5K
/tmp/test/qqqqqqq_060723/aaaaa_060723.-3333 06.07.2023 5K
/tmp/test/qqqqqqq_060723/aaaaaa_060723.-3333 06.07.2023 5K
/tmp/test/qqqq_060723 06.07.2023
/tmp/test/qqqq_060723/aaaa_060723.-3333 06.07.2023 5K
/tmp/test/qqqq_060723/aaaaa_060723.-3333 06.07.2023 5K
/tmp/test/qqqq_060723/aaaaaa_060723.-3333 06.07.2023 5K
/tmp/test/qqqqq_060723 06.07.2023
/tmp/test/qqqqq_060723/aaaa_060723.-3333 06.07.2023 5K
/tmp/test/qqqqq_060723/aaaaa_060723.-3333 06.07.2023 5K
/tmp/test/qqqqq_060723/aaaaaa_060723.-3333 06.07.2023 5K
/tmp/test/qqqqqq_060723 06.07.2023
/tmp/test/qqqqqq_060723/aaaa_060723.-3333 06.07.2023 5K
/tmp/test/qqqqqq_060723/aaaaa_060723.-3333 06.07.2023 5K
/tmp/test/qqqqqq_060723/aaaaaa_060723.-3333 06.07.2023 5K
/tmp/test/qqqqqqq_060723 06.07.2023
/tmp/test/qqqqqqq_060723/aaaa_060723.-3333 06.07.2023 5K
/tmp/test/qqqqqqq_060723/aaaaa_060723.-3333 06.07.2023 5K
/tmp/test/qqqqqqq_060723/aaaaaa_060723.-3333 06.07.2023 5K
/tmp/test/qqqq_060723 06.07.2023
/tmp/test/qqqq_060723/aaaa_060723.-3333 06.07.2023 5K
/tmp/test/qqqq_060723/aaaaa_060723.-3333 06.07.2023 5K
/tmp/test/qqqq_060723/aaaaaa_060723.-3333 06.07.2023 5K
/tmp/test/qqqqq_060723 06.07.2023
/tmp/test/qqqqq_060723/aaaa_060723.-3333 06.07.2023 5K
/tmp/test/qqqqq_060723/aaaaa_060723.-3333 06.07.2023 5K
/tmp/test/qqqqq_060723/aaaaaa_060723.-3333 06.07.2023 5K
/tmp/test/qqqqqq_060723 06.07.2023
/tmp/test/qqqqqq_060723/aaaa_060723.-3333 06.07.2023 5K
/tmp/test/qqqqqq_060723/aaaaa_060723.-3333 06.07.2023 5K
/tmp/test/qqqqqq_060723/aaaaaa_060723.-3333 06.07.2023 5K
/tmp/test/qqqqqqq_060723 06.07.2023
/tmp/test/qqqqqqq_060723/aaaa_060723.-3333 06.07.2023 5K
/tmp/test/qqqqqqq_060723/aaaaa_060723.-3333 06.07.2023 5K
/tmp/test/qqqqqqq_060723/aaaaaa_060723.-3333 06.07.2023 5K
/tmp/test/qqqq_070723 07.07.2023
/tmp/test/qqqq_070723/aaaa_070723.z 07.07.2023 5K
/tmp/test/qqqq_070723/aaaaa_070723.z 07.07.2023 5K
/tmp/test/qqqq_070723/aaaaaa_070723.z 07.07.2023 5K
/tmp/test/qqqqq_070723 07.07.2023
/tmp/test/qqqqq_070723/aaaa_070723.z 07.07.2023 5K
/tmp/test/qqqqq_070723/aaaaa_070723.z 07.07.2023 5K
/tmp/test/qqqqq_070723/aaaaaa_070723.z 07.07.2023 5K
/tmp/test/qqqqqq_070723 07.07.2023
/tmp/test/qqqqqq_070723/aaaa_070723.z 07.07.2023 5K
/tmp/test/qqqqqq_070723/aaaaa_070723.z 07.07.2023 5K
/tmp/test/qqqqqq_070723/aaaaaa_070723.z 07.07.2023 5K
/tmp/test/qqqqqqq_070723 07.07.2023
/tmp/test/qqqqqqq_070723/aaaa_070723.z 07.07.2023 5K
/tmp/test/qqqqqqq_070723/aaaaa_070723.z 07.07.2023 5K
/tmp/test/qqqqqqq_070723/aaaaaa_070723.z 07.07.2023 5K
/tmp/test/qqqq_100723 10.07.2023
/tmp/test/qqqq_100723/aaaa_100723.z 10.07.2023 5K
/tmp/test/qqqq_100723/aaaaa_100723.z 10.07.2023 5K
/tmp/test/qqqq_100723/aaaaaa_100723.z 10.07.2023 5K
/tmp/test/qqqqq_100723 10.07.2023
/tmp/test/qqqqq_100723/aaaa_100723.z 10.07.2023 5K
/tmp/test/qqqqq_100723/aaaaa_100723.z 10.07.2023 5K
/tmp/test/qqqqq_100723/aaaaaa_100723.z 10.07.2023 5K
/tmp/test/qqqqqq_100723 10.07.2023
/tmp/test/qqqqqq_100723/aaaa_100723.z 10.07.2023 5K
/tmp/test/qqqqqq_100723/aaaaa_100723.z 10.07.2023 5K
/tmp/test/qqqqqq_100723/aaaaaa_100723.z 10.07.2023 5K
/tmp/test/qqqqqqq_100723 10.07.2023
/tmp/test/qqqqqqq_100723/aaaa_100723.z 10.07.2023 5K
/tmp/test/qqqqqqq_100723/aaaaa_100723.z 10.07.2023 5K
/tmp/test/qqqqqqq_100723/aaaaaa_100723.z 10.07.2023 5K
/tmp/test/qqqq_100723/qqqq_100723 10.07.2023
/tmp/test/qqqq_100723/qqqq_100723/aaaa_100723.z 10.07.2023 5K
/tmp/test/qqqq_100723/qqqq_100723/aaaaa_100723.z 10.07.2023 5K
/tmp/test/qqqq_100723/qqqq_100723/aaaaaa_100723.z 10.07.2023 5K
/tmp/test/qqqq_100723/qqqqq_100723 10.07.2023
/tmp/test/qqqq_100723/qqqqq_100723/aaaa_100723.z 10.07.2023 5K
/tmp/test/qqqq_100723/qqqqq_100723/aaaaa_100723.z 10.07.2023 5K
/tmp/test/qqqq_100723/qqqqq_100723/aaaaaa_100723.z 10.07.2023 5K
/tmp/test/qqqq_100723/qqqqqq_100723 10.07.2023
/tmp/test/qqqq_100723/qqqqqq_100723/aaaa_100723.z 10.07.2023 5K
/tmp/test/qqqq_100723/qqqqqq_100723/aaaaa_100723.z 10.07.2023 5K
/tmp/test/qqqq_100723/qqqqqq_100723/aaaaaa_100723.z 10.07.2023 5K
/tmp/test/qqqq_100723/qqqqqqq_100723 10.07.2023
/tmp/test/qqqq_100723/qqqqqqq_100723/aaaa_100723.z 10.07.2023 5K
/tmp/test/qqqq_100723/qqqqqqq_100723/aaaaa_100723.z 10.07.2023 5K
/tmp/test/qqqq_100723/qqqqqqq_100723/aaaaaa_100723.z 10.07.2023 5K
/tmp/test/qqqq_100723/qqqq_100723 10.07.2023
/tmp/test/qqqq_100723/qqqq_100723/aaaa_100723.z 10.07.2023 5K
/tmp/test/qqqq_100723/qqqq_100723/aaaaa_100723.z 10.07.2023 5K
/tmp/test/qqqq_100723/qqqq_100723/aaaaaa_100723.z 10.07.2023 5K
/tmp/test/qqqq_100723/qqqqq_100723 10.07.2023
/tmp/test/qqqq_100723/qqqqq_100723/aaaa_100723.z 10.07.2023 5K
/tmp/test/qqqq_100723/qqqqq_100723/aaaaa_100723.z 10.07.2023 5K
/tmp/test/qqqq_100723/qqqqq_100723/aaaaaa_100723.z 10.07.2023 5K
/tmp/test/qqqq_100723/qqqqqq_100723 10.07.2023
/tmp/test/qqqq_100723/qqqqqq_100723/aaaa_100723.z 10.07.2023 5K
/tmp/test/qqqq_100723/qqqqqq_100723/aaaaa_100723.z 10.07.2023 5K
/tmp/test/qqqq_100723/qqqqqq_100723/aaaaaa_100723.z 10.07.2023 5K
/tmp/test/qqqq_100723/qqqqqqq_100723 10.07.2023
/tmp/test/qqqq_100723/qqqqqqq_100723/aaaa_100723.z 10.07.2023 5K
/tmp/test/qqqq_100723/qqqqqqq_100723/aaaaa_100723.z 10.07.2023 5K
/tmp/test/qqqq_100723/qqqqqqq_100723/aaaaaa_100723.z 10.07.2023 5K
/tmp/test/qqqq_100723/aaaa_100723.z/qqqq_100723 10.07.2023
/tmp/test/qqqq_100723/aaaa_100723.z/qqqq_100723/aaaa_100723.z 10.07.2023 5K
/tmp/test/qqqq_100723/aaaa_100723.z/qqqq_100723/aaaaa_100723.z 10.07.2023 5K
/tmp/test/qqqq_100723/aaaa_100723.z/qqqq_100723/aaaaaa_100723.z 10.07.2023 5K
/tmp/test/qqqq_100723/aaaa_100723.z/qqqqq_100723 10.07.2023
/tmp/test/qqqq_100723/aaaa_100723.z/qqqqq_100723/aaaa_100723.z 10.07.2023 5K
/tmp/test/qqqq_100723/aaaa_100723.z/qqqqq_100723/aaaaa_100723.z 10.07.2023 5K
/tmp/test/qqqq_100723/aaaa_100723.z/qqqqq_100723/aaaaaa_100723.z 10.07.2023 5K
/tmp/test/qqqq_100723/aaaa_100723.z/qqqqqq_100723 10.07.2023
/tmp/test/qqqq_100723/aaaa_100723.z/qqqqqq_100723/aaaa_100723.z 10.07.2023 5K
/tmp/test/qqqq_100723/aaaa_100723.z/qqqqqq_100723/aaaaa_100723.z 10.07.2023 5K
/tmp/test/qqqq_100723/aaaa_100723.z/qqqqqq_100723/aaaaaa_100723.z 10.07.2023 5K
/tmp/test/qqqq_100723/aaaa_100723.z/qqqqqqq_100723 10.07.2023
/tmp/test/qqqq_100723/aaaa_100723.z/qqqqqqq_100723/aaaa_100723.z 10.07.2023 5K
/tmp/test/qqqq_100723/aaaa_100723.z/qqqqqqq_100723/aaaaa_100723.z 10.07.2023 5K
/tmp/test/qqqq_100723/aaaa_100723.z/qqqqqqq_100723/aaaaaa_100723.z 10.07.2023 5K
/tmp/test/qqqq_100723 10.07.2023
/tmp/test/qqqq_100723/aaaa_100723.z 10.07.2023 5K
/tmp/test/qqqq_100723/aaaaa_100723.z 10.07.2023 5K
/tmp/test/qqqq_100723/aaaaaa_100723.z 10.07.2023 5K
/tmp/test/qqqqq_100723 10.07.2023
/tmp/test/qqqqq_100723/aaaa_100723.z 10.07.2023 5K
/tmp/test/qqqqq_100723/aaaaa_100723.z 10.07.2023 5K
/tmp/test/qqqqq_100723/aaaaaa_100723.z 10.07.2023 5K
/tmp/test/qqqqqq_100723 10.07.2023
/tmp/test/qqqqqq_100723/aaaa_100723.z 10.07.2023 5K
/tmp/test/qqqqqq_100723/aaaaa_100723.z 10.07.2023 5K
/tmp/test/qqqqqq_100723/aaaaaa_100723.z 10.07.2023 5K
/tmp/test/qqqqqqq_100723 10.07.2023
/tmp/test/qqqqqqq_100723/aaaa_100723.z 10.07.2023 5K
/tmp/test/qqqqqqq_100723/aaaaa_100723.z 10.07.2023 5K
/tmp/test/qqqqqqq_100723/aaaaaa_100723.z 10.07.2023 5K
/tmp/test3333_100723 10.07.2023
/tmp/test3333_100723/aaaa_100723.z 10.07.2023 4K
/tmp/test3333_100723/aaaaa_100723.z 10.07.2023 4K
/tmp/test3333_100723/aaaaaa_100723.z 10.07.2023 4K
/tmp/test3333_100723/aaaaaaa_100723.z 10.07.2023 4K
/tmp/test3333_100723/aaaaaaaa_100723.z 10.07.2023 4K
/tmp/test3333_100723/aaaaaaaaa_100723.z 10.07.2023 4K
/tmp/test3333_100723 10.07.2023
/tmp/test3333_100723/aaaa_100723.z 10.07.2023 4K
/tmp/test3333_100723/aaaaa_100723.z 10.07.2023 4K
/tmp/test3333_100723/aaaaaa_100723.z 10.07.2023 4K
/tmp/test3333_100723/aaaaaaa_100723.z 10.07.2023 4K
/tmp/test3333_100723/aaaaaaaa_100723.z 10.07.2023 4K
/tmp/test3333_100723/aaaaaaaaa_100723.z 10.07.2023 4K
/tmp/test3333_100723 10.07.2023
/tmp/test3333_100723/aaaa_100723.z 10.07.2023 4K
/tmp/test3333_100723/aaaaa_100723.z 10.07.2023 4K
/tmp/test3333_100723/aaaaaa_100723.z 10.07.2023 4K
/tmp/test3333_100723/aaaaaaa_100723.z 10.07.2023 4K
/tmp/test3333_100723/aaaaaaaa_100723.z 10.07.2023 4K
/tmp/test3333_100723/aaaaaaaaa_100723.z 10.07.2023 4K
/tmp/test3333_100723 10.07.2023
/tmp/test3333_100723/aaaa_100723.z 10.07.2023 4K
/tmp/test3333_100723/aaaaa_100723.z 10.07.2023 4K
/tmp/test3333_100723/aaaaaa_100723.z 10.07.2023 4K
/tmp/test3333_100723/aaaaaaa_100723.z 10.07.2023 4K
/tmp/test3333_100723/aaaaaaaa_100723.z 10.07.2023 4K
/tmp/test3333_100723/aaaaaaaaa_100723.z 10.07.2023 4K
/tmp/test3333_100723 10.07.2023
/tmp/test3333_100723/aaaa_100723.z 10.07.2023 4K
/tmp/test3333_100723/aaaaa_100723.z 10.07.2023 4K
/tmp/test3333_100723/aaaaaa_100723.z 10.07.2023 4K
/tmp/test3333_100723/aaaaaaa_100723.z 10.07.2023 4K
/tmp/test3333_100723/aaaaaaaa_100723.z 10.07.2023 4K
/tmp/test3333_100723/aaaaaaaaa_100723.z 10.07.2023 4K
/tmp/test3333_100723 10.07.2023
/tmp/test3333_100723/aaaa_100723.z 10.07.2023 4K
/tmp/test3333_100723/aaaaa_100723.z 10.07.2023 4K
/tmp/test3333_100723/aaaaaa_100723.z 10.07.2023 4K
/tmp/test3333_100723/aaaaaaa_100723.z 10.07.2023 4K
/tmp/test3333_100723/aaaaaaaa_100723.z 10.07.2023 4K
/tmp/test3333_100723/aaaaaaaaa_100723.z 10.07.2023 4K
/tmp/test/qqqq_100723 10.07.2023
/tmp/test/qqqq_100723/aaaa_100723.z 10.07.2023 4K
/tmp/test/qqqq_100723/aaaaa_100723.z 10.07.2023 4K
/tmp/test/qqqq_100723/aaaaaa_100723.z 10.07.2023 4K
/tmp/test/qqqq_100723/aaaaaaa_100723.z 10.07.2023 4K
/tmp/test/qqqq_100723/aaaaaaaa_100723.z 10.07.2023 4K
/tmp/test/qqqq_100723/aaaaaaaaa_100723.z 10.07.2023 4K
/tmp/test/qqqqq_100723 10.07.2023
/tmp/test/qqqqq_100723/aaaa_100723.z 10.07.2023 4K
/tmp/test/qqqqq_100723/aaaaa_100723.z 10.07.2023 4K
/tmp/test/qqqqq_100723/aaaaaa_100723.z 10.07.2023 4K
/tmp/test/qqqqq_100723/aaaaaaa_100723.z 10.07.2023 4K
/tmp/test/qqqqq_100723/aaaaaaaa_100723.z 10.07.2023 4K
/tmp/test/qqqqq_100723/aaaaaaaaa_100723.z 10.07.2023 4K
/tmp/test/qqqqqq_100723 10.07.2023
/tmp/test/qqqqqq_100723/aaaa_100723.z 10.07.2023 4K
/tmp/test/qqqqqq_100723/aaaaa_100723.z 10.07.2023 4K
/tmp/test/qqqqqq_100723/aaaaaa_100723.z 10.07.2023 4K
/tmp/test/qqqqqq_100723/aaaaaaa_100723.z 10.07.2023 4K
/tmp/test/qqqqqq_100723/aaaaaaaa_100723.z 10.07.2023 4K
/tmp/test/qqqqqq_100723/aaaaaaaaa_100723.z 10.07.2023 4K
/tmp/test/qqqq_100723 10.07.2023
/tmp/test/qqqq_100723/aaaa_100723.z 10.07.2023 4K
/tmp/test/qqqq_100723/aaaaa_100723.z 10.07.2023 4K
/tmp/test/qqqq_100723/aaaaaa_100723.z 10.07.2023 4K
/tmp/test/qqqq_100723/aaaaaaa_100723.z 10.07.2023 4K
/tmp/test/qqqq_100723/aaaaaaaa_100723.z 10.07.2023 4K
/tmp/test/qqqq_100723/aaaaaaaaa_100723.z 10.07.2023 4K
/tmp/test/qqqqq_100723 10.07.2023
/tmp/test/qqqqq_100723/aaaa_100723.z 10.07.2023 4K
/tmp/test/qqqqq_100723/aaaaa_100723.z 10.07.2023 4K
/tmp/test/qqqqq_100723/aaaaaa_100723.z 10.07.2023 4K
/tmp/test/qqqqq_100723/aaaaaaa_100723.z 10.07.2023 4K
/tmp/test/qqqqq_100723/aaaaaaaa_100723.z 10.07.2023 4K
/tmp/test/qqqqq_100723/aaaaaaaaa_100723.z 10.07.2023 4K
/tmp/test/qqqqqq_100723 10.07.2023
/tmp/test/qqqqqq_100723/aaaa_100723.z 10.07.2023 4K
/tmp/test/qqqqqq_100723/aaaaa_100723.z 10.07.2023 4K
/tmp/test/qqqqqq_100723/aaaaaa_100723.z 10.07.2023 4K
/tmp/test/qqqqqq_100723/aaaaaaa_100723.z 10.07.2023 4K
/tmp/test/qqqqqq_100723/aaaaaaaa_100723.z 10.07.2023 4K
/tmp/test/qqqqqq_100723/aaaaaaaaa_100723.z 10.07.2023 4K
/opt/test/azzzz_301023 30.10.2023
/opt/test/azzzz_301023/azzzz_301023.az 30.10.2023 3K
/opt/test/azzzz_301023/azzzzz_301023.az 30.10.2023 3K
/opt/test/azzzz_301023/azzzzzz_301023.az 30.10.2023 3K
/opt/test/azzzz_301023/azzzzzzz_301023.az 30.10.2023 3K
/opt/test/azzzz_301023/azzzzzzzz_301023.az 30.10.2023 3K
/opt/test/azzzzz_301023 30.10.2023
/opt/test/azzzzz_301023/azzzz_301023.az 30.10.2023 3K
/opt/test/azzzzz_301023/azzzzz_301023.az 30.10.2023 3K
/opt/test/azzzzz_301023/azzzzzz_301023.az 30.10.2023 3K
/opt/test/azzzzz_301023/azzzzzzz_301023.az 30.10.2023 3K
/opt/test/azzzzz_301023/azzzzzzzz_301023.az 30.10.2023 3K
/opt/test/azzzzzz_301023 30.10.2023
/opt/test/azzzzzz_301023/azzzz_301023.az 30.10.2023 3K
/opt/test/azzzzzz_301023/azzzzz_301023.az 30.10.2023 3K
/opt/test/azzzzzz_301023/azzzzzz_301023.az 30.10.2023 3K
/opt/test/azzzzzz_301023/azzzzzzz_301023.az 30.10.2023 3K
/opt/test/azzzzzz_301023/azzzzzzzz_301023.az 30.10.2023 3K
/opt/test/azzzzzzz_301023 30.10.2023
/opt/test/azzzzzzz_301023/azzzz_301023.az 30.10.2023 3K
/opt/test/azzzzzzz_301023/azzzzz_301023.az 30.10.2023 3K
/opt/test/azzzzzzz_301023/azzzzzz_301023.az 30.10.2023 3K
/opt/test/azzzzzzz_301023/azzzzzzz_301023.az 30.10.2023 3K
/opt/test/azzzzzzz_301023/azzzzzzzz_301023.az 30.10.2023 3K
/opt/test/azzzz_301023 30.10.2023
/opt/test/azzzz_301023/azzzz_301023.az 30.10.2023 3K
/opt/test/azzzz_301023/azzzzz_301023.az 30.10.2023 3K
/opt/test/azzzz_301023/azzzzzz_301023.az 30.10.2023 3K
/opt/test/azzzz_301023/azzzzzzz_301023.az 30.10.2023 3K
/opt/test/azzzz_301023/azzzzzzzz_301023.az 30.10.2023 3K
/opt/test/azzzzz_301023 30.10.2023
/opt/test/azzzzz_301023/azzzz_301023.az 30.10.2023 3K
/opt/test/azzzzz_301023/azzzzz_301023.az 30.10.2023 3K
/opt/test/azzzzz_301023/azzzzzz_301023.az 30.10.2023 3K
/opt/test/azzzzz_301023/azzzzzzz_301023.az 30.10.2023 3K
/opt/test/azzzzz_301023/azzzzzzzz_301023.az 30.10.2023 3K
/opt/test/azzzzzz_301023 30.10.2023
/opt/test/azzzzzz_301023/azzzz_301023.az 30.10.2023 3K
/opt/test/azzzzzz_301023/azzzzz_301023.az 30.10.2023 3K
/opt/test/azzzzzz_301023/azzzzzz_301023.az 30.10.2023 3K
/opt/test/azzzzzz_301023/azzzzzzz_301023.az 30.10.2023 3K
/opt/test/azzzzzz_301023/azzzzzzzz_301023.az 30.10.2023 3K
/opt/test/azzzzzzz_301023 30.10.2023
/opt/test/azzzzzzz_301023/azzzz_301023.az 30.10.2023 3K
/opt/test/azzzzzzz_301023/azzzzz_301023.az 30.10.2023 3K
/opt/test/azzzzzzz_301023/azzzzzz_301023.az 30.10.2023 3K
/opt/test/azzzzzzz_301023/azzzzzzz_301023.az 30.10.2023 3K
/opt/test/azzzzzzz_301023/azzzzzzzz_301023.az 30.10.2023 3K
/opt/test/az.qqqq_301023 30.10.2023
/opt/test/az.qqqq_301023/azzzz_301023.az 30.10.2023 3K
/opt/test/az.qqqq_301023/azzzzz_301023.az 30.10.2023 3K
/opt/test/az.qqqq_301023/azzzzzz_301023.az 30.10.2023 3K
/opt/test/az.qqqq_301023/azzzzzzz_301023.az 30.10.2023 3K
/opt/test/az.qqqq_301023/azzzzzzzz_301023.az 30.10.2023 3K
/opt/test/az.qqqqq_301023 30.10.2023
/opt/test/az.qqqqq_301023/azzzz_301023.az 30.10.2023 3K
/opt/test/az.qqqqq_301023/azzzzz_301023.az 30.10.2023 3K
/opt/test/az.qqqqq_301023/azzzzzz_301023.az 30.10.2023 3K
/opt/test/az.qqqqq_301023/azzzzzzz_301023.az 30.10.2023 3K
/opt/test/az.qqqqq_301023/azzzzzzzz_301023.az 30.10.2023 3K
/opt/test/az.qqqqqq_301023 30.10.2023
/opt/test/az.qqqqqq_301023/azzzz_301023.az 30.10.2023 3K
/opt/test/az.qqqqqq_301023/azzzzz_301023.az 30.10.2023 3K
/opt/test/az.qqqqqq_301023/azzzzzz_301023.az 30.10.2023 3K
/opt/test/az.qqqqqq_301023/azzzzzzz_301023.az 30.10.2023 3K
/opt/test/az.qqqqqq_301023/azzzzzzzz_301023.az 30.10.2023 3K
/opt/test/az.qqqqqqq_301023 30.10.2023
/opt/test/az.qqqqqqq_301023/azzzz_301023.az 30.10.2023 3K
/opt/test/az.qqqqqqq_301023/azzzzz_301023.az 30.10.2023 3K
/opt/test/az.qqqqqqq_301023/azzzzzz_301023.az 30.10.2023 3K
/opt/test/az.qqqqqqq_301023/azzzzzzz_301023.az 30.10.2023 3K
/opt/test/az.qqqqqqq_301023/azzzzzzzz_301023.az 30.10.2023 3K
/opt/test/az.qqqq_301023 30.10.2023
/opt/test/az.qqqq_301023/azzzz_301023.az 30.10.2023 3K
/opt/test/az.qqqq_301023/azzzzz_301023.az 30.10.2023 3K
/opt/test/az.qqqq_301023/azzzzzz_301023.az 30.10.2023 3K
/opt/test/az.qqqq_301023/azzzzzzz_301023.az 30.10.2023 3K
/opt/test/az.qqqq_301023/azzzzzzzz_301023.az 30.10.2023 3K
/opt/test/az.qqqqq_301023 30.10.2023
/opt/test/az.qqqqq_301023/azzzz_301023.az 30.10.2023 3K
/opt/test/az.qqqqq_301023/azzzzz_301023.az 30.10.2023 3K
/opt/test/az.qqqqq_301023/azzzzzz_301023.az 30.10.2023 3K
/opt/test/az.qqqqq_301023/azzzzzzz_301023.az 30.10.2023 3K
/opt/test/az.qqqqq_301023/azzzzzzzz_301023.az 30.10.2023 3K
/opt/test/az.qqqqqq_301023 30.10.2023
/opt/test/az.qqqqqq_301023/azzzz_301023.az 30.10.2023 3K
/opt/test/az.qqqqqq_301023/azzzzz_301023.az 30.10.2023 3K
/opt/test/az.qqqqqq_301023/azzzzzz_301023.az 30.10.2023 3K
/opt/test/az.qqqqqq_301023/azzzzzzz_301023.az 30.10.2023 3K
/opt/test/az.qqqqqq_301023/azzzzzzzz_301023.az 30.10.2023 3K
/opt/test/az.qqqqqqq_301023 30.10.2023
/opt/test/az.qqqqqqq_301023/azzzz_301023.az 30.10.2023 3K
/opt/test/az.qqqqqqq_301023/azzzzz_301023.az 30.10.2023 3K
/opt/test/az.qqqqqqq_301023/azzzzzz_301023.az 30.10.2023 3K
/opt/test/az.qqqqqqq_301023/azzzzzzz_301023.az 30.10.2023 3K
/opt/test/az.qqqqqqq_301023/azzzzzzzz_301023.az 30.10.2023 3K
/opt/test/a////_031123 03.11.2023
/opt/test/a////_031123/azzzz_031123.az 03.11.2023 3K
/opt/test/a////_031123/azzzzz_031123.az 03.11.2023 3K
/opt/test/a////_031123/azzzzzz_031123.az 03.11.2023 3K
/opt/test/a////_031123/azzzzzzz_031123.az 03.11.2023 3K
/opt/test/a////_031123/azzzzzzzz_031123.az 03.11.2023 3K
/opt/test/a/////_031123 03.11.2023
/opt/test/a/////_031123/azzzz_031123.az 03.11.2023 3K
/opt/test/a/////_031123/azzzzz_031123.az 03.11.2023 3K
/opt/test/a/////_031123/azzzzzz_031123.az 03.11.2023 3K
/opt/test/a/////_031123/azzzzzzz_031123.az 03.11.2023 3K
/opt/test/a/////_031123/azzzzzzzz_031123.az 03.11.2023 3K
/opt/test/a//////_031123 03.11.2023
/opt/test/a//////_031123/azzzz_031123.az 03.11.2023 3K
/opt/test/a//////_031123/azzzzz_031123.az 03.11.2023 3K
/opt/test/a//////_031123/azzzzzz_031123.az 03.11.2023 3K
/opt/test/a//////_031123/azzzzzzz_031123.az 03.11.2023 3K
/opt/test/a//////_031123/azzzzzzzz_031123.az 03.11.2023 3K
/opt/test/a///////_031123 03.11.2023
/opt/test/a///////_031123/azzzz_031123.az 03.11.2023 3K
/opt/test/a///////_031123/azzzzz_031123.az 03.11.2023 3K
/opt/test/a///////_031123/azzzzzz_031123.az 03.11.2023 3K
/opt/test/a///////_031123/azzzzzzz_031123.az 03.11.2023 3K
/opt/test/a///////_031123/azzzzzzzz_031123.az 03.11.2023 3K
/opt/test/a////_031123 03.11.2023
/opt/test/a////_031123/azzzz_031123.az 03.11.2023 3K
/opt/test/a////_031123/azzzzz_031123.az 03.11.2023 3K
/opt/test/a////_031123/azzzzzz_031123.az 03.11.2023 3K
/opt/test/a////_031123/azzzzzzz_031123.az 03.11.2023 3K
/opt/test/a////_031123/azzzzzzzz_031123.az 03.11.2023 3K
/opt/test/a/////_031123 03.11.2023
/opt/test/a/////_031123/azzzz_031123.az 03.11.2023 3K
/opt/test/a/////_031123/azzzzz_031123.az 03.11.2023 3K
/opt/test/a/////_031123/azzzzzz_031123.az 03.11.2023 3K
/opt/test/a/////_031123/azzzzzzz_031123.az 03.11.2023 3K
/opt/test/a/////_031123/azzzzzzzz_031123.az 03.11.2023 3K
/opt/test/a//////_031123 03.11.2023
/opt/test/a//////_031123/azzzz_031123.az 03.11.2023 3K
/opt/test/a//////_031123/azzzzz_031123.az 03.11.2023 3K
/opt/test/a//////_031123/azzzzzz_031123.az 03.11.2023 3K
/opt/test/a//////_031123/azzzzzzz_031123.az 03.11.2023 3K
/opt/test/a//////_031123/azzzzzzzz_031123.az 03.11.2023 3K
/opt/test/a///////_031123 03.11.2023
/opt/test/a///////_031123/azzzz_031123.az 03.11.2023 3K
/opt/test/a///////_031123/azzzzz_031123.az 03.11.2023 3K
/opt/test/a///////_031123/azzzzzz_031123.az 03.11.2023 3K
/opt/test/a///////_031123/azzzzzzz_031123.az 03.11.2023 3K
/opt/test/a///////_031123/azzzzzzzz_031123.az 03.11.2023 3K
/opt/test/a////_031123 03.11.2023
/opt/test/a////_031123/azzzz_031123.az 03.11.2023 3K
/opt/test/a////_031123/azzzzz_031123.az 03.11.2023 3K
/opt/test/a////_031123/azzzzzz_031123.az 03.11.2023 3K
/opt/test/a////_031123/azzzzzzz_031123.az 03.11.2023 3K
/opt/test/a////_031123/azzzzzzzz_031123.az 03.11.2023 3K
/opt/test/a/////_031123 03.11.2023
/opt/test/a/////_031123/azzzz_031123.az 03.11.2023 3K
/opt/test/a/////_031123/azzzzz_031123.az 03.11.2023 3K
/opt/test/a/////_031123/azzzzzz_031123.az 03.11.2023 3K
/opt/test/a/////_031123/azzzzzzz_031123.az 03.11.2023 3K
/opt/test/a/////_031123/azzzzzzzz_031123.az 03.11.2023 3K
/opt/test/a//////_031123 03.11.2023
/opt/test/a//////_031123/azzzz_031123.az 03.11.2023 3K
/opt/test/a//////_031123/azzzzz_031123.az 03.11.2023 3K
/opt/test/a//////_031123/azzzzzz_031123.az 03.11.2023 3K
/opt/test/a//////_031123/azzzzzzz_031123.az 03.11.2023 3K
/opt/test/a//////_031123/azzzzzzzz_031123.az 03.11.2023 3K
/opt/test/a///////_031123 03.11.2023
/opt/test/a///////_031123/azzzz_031123.az 03.11.2023 3K
/opt/test/a///////_031123/azzzzz_031123.az 03.11.2023 3K
/opt/test/a///////_031123/azzzzzz_031123.az 03.11.2023 3K
/opt/test/a///////_031123/azzzzzzz_031123.az 03.11.2023 3K
/opt/test/a///////_031123/azzzzzzzz_031123.az 03.11.2023 3K
/opt/test/a////_031123 03.11.2023
/opt/test/a////_031123/azzzz_031123.az 03.11.2023 3K
/opt/test/a////_031123/azzzzz_031123.az 03.11.2023 3K
/opt/test/a////_031123/azzzzzz_031123.az 03.11.2023 3K
/opt/test/a////_031123/azzzzzzz_031123.az 03.11.2023 3K
/opt/test/a////_031123/azzzzzzzz_031123.az 03.11.2023 3K
/opt/test/a/////_031123 03.11.2023
/opt/test/a/////_031123/azzzz_031123.az 03.11.2023 3K
/opt/test/a/////_031123/azzzzz_031123.az 03.11.2023 3K
/opt/test/a/////_031123/azzzzzz_031123.az 03.11.2023 3K
/opt/test/a/////_031123/azzzzzzz_031123.az 03.11.2023 3K
/opt/test/a/////_031123/azzzzzzzz_031123.az 03.11.2023 3K
/opt/test/a//////_031123 03.11.2023
/opt/test/a//////_031123/azzzz_031123.az 03.11.2023 3K
/opt/test/a//////_031123/azzzzz_031123.az 03.11.2023 3K
/opt/test/a//////_031123/azzzzzz_031123.az 03.11.2023 3K
/opt/test/a//////_031123/azzzzzzz_031123.az 03.11.2023 3K
/opt/test/a//////_031123/azzzzzzzz_031123.az 03.11.2023 3K
/opt/test/a///////_031123 03.11.2023
/opt/test/a///////_031123/azzzz_031123.az 03.11.2023 3K
/opt/test/a///////_031123/azzzzz_031123.az 03.11.2023 3K
/opt/test/a///////_031123/azzzzzz_031123.az 03.11.2023 3K
/opt/test/a///////_031123/azzzzzzz_031123.az 03.11.2023 3K
/opt/test/a///////_031123/azzzzzzzz_031123.az 03.11.2023 3K
/opt/test/aaaa_031123 03.11.2023
/opt/test/aaaa_031123/azzzz_031123.az 03.11.2023 3K
/opt/test/aaaa_031123/azzzzz_031123.az 03.11.2023 3K
/opt/test/aaaa_031123/azzzzzz_031123.az 03.11.2023 3K
/opt/test/aaaa_031123/azzzzzzz_031123.az 03.11.2023 3K
/opt/test/aaaa_031123/azzzzzzzz_031123.az 03.11.2023 3K
/opt/test/aaaaa_031123 03.11.2023
/opt/test/aaaaa_031123/azzzz_031123.az 03.11.2023 3K
/opt/test/aaaaa_031123/azzzzz_031123.az 03.11.2023 3K
/opt/test/aaaaa_031123/azzzzzz_031123.az 03.11.2023 3K
/opt/test/aaaaa_031123/azzzzzzz_031123.az 03.11.2023 3K
/opt/test/aaaaa_031123/azzzzzzzz_031123.az 03.11.2023 3K
/opt/test/aaaaaa_031123 03.11.2023
/opt/test/aaaaaa_031123/azzzz_031123.az 03.11.2023 3K
/opt/test/aaaaaa_031123/azzzzz_031123.az 03.11.2023 3K
/opt/test/aaaaaa_031123/azzzzzz_031123.az 03.11.2023 3K
/opt/test/aaaaaa_031123/azzzzzzz_031123.az 03.11.2023 3K
/opt/test/aaaaaa_031123/azzzzzzzz_031123.az 03.11.2023 3K
/opt/test/aaaaaaa_031123 03.11.2023
/opt/test/aaaaaaa_031123/azzzz_031123.az 03.11.2023 3K
/opt/test/aaaaaaa_031123/azzzzz_031123.az 03.11.2023 3K
/opt/test/aaaaaaa_031123/azzzzzz_031123.az 03.11.2023 3K
/opt/test/aaaaaaa_031123/azzzzzzz_031123.az 03.11.2023 3K
/opt/test/aaaaaaa_031123/azzzzzzzz_031123.az 03.11.2023 3K
/opt/test/a////_031123 03.11.2023
/opt/test/a////_031123/azzzz_031123.az 03.11.2023 3K
/opt/test/a////_031123/azzzzz_031123.az 03.11.2023 3K
/opt/test/a////_031123/azzzzzz_031123.az 03.11.2023 3K
/opt/test/a////_031123/azzzzzzz_031123.az 03.11.2023 3K
/opt/test/a////_031123/azzzzzzzz_031123.az 03.11.2023 3K
/opt/test/a/////_031123 03.11.2023
/opt/test/a/////_031123/azzzz_031123.az 03.11.2023 3K
/opt/test/a/////_031123/azzzzz_031123.az 03.11.2023 3K
/opt/test/a/////_031123/azzzzzz_031123.az 03.11.2023 3K
/opt/test/a/////_031123/azzzzzzz_031123.az 03.11.2023 3K
/opt/test/a/////_031123/azzzzzzzz_031123.az 03.11.2023 3K
/opt/test/a//////_031123 03.11.2023
/opt/test/a//////_031123/azzzz_031123.az 03.11.2023 3K
/opt/test/a//////_031123/azzzzz_031123.az 03.11.2023 3K
/opt/test/a//////_031123/azzzzzz_031123.az 03.11.2023 3K
/opt/test/a//////_031123/azzzzzzz_031123.az 03.11.2023 3K
/opt/test/a//////_031123/azzzzzzzz_031123.az 03.11.2023 3K
/opt/test/a///////_031123 03.11.2023
/opt/test/a///////_031123/azzzz_031123.az 03.11.2023 3K
/opt/test/a///////_031123/azzzzz_031123.az 03.11.2023 3K
/opt/test/a///////_031123/azzzzzz_031123.az 03.11.2023 3K
/opt/test/a///////_031123/azzzzzzz_031123.az 03.11.2023 3K
/opt/test/a///////_031123/azzzzzzzz_031123.az 03.11.2023 3K
/opt/test/azzzz_031123 03.11.2023
/opt/test/azzzz_031123/azzzz_031123.az 03.11.2023 3K
/opt/test/azzzz_031123/azzzzz_031123.az 03.11.2023 3K
/opt/test/azzzz_031123/azzzzzz_031123.az 03.11.2023 3K
/opt/test/azzzz_031123/azzzzzzz_031123.az 03.11.2023 3K
/opt/test/azzzz_031123/azzzzzzzz_031123.az 03.11.2023 3K
/opt/test/azzzzz_031123 03.11.2023
/opt/test/azzzzz_031123/azzzz_031123.az 03.11.2023 3K
/opt/test/azzzzz_031123/azzzzz_031123.az 03.11.2023 3K
/opt/test/azzzzz_031123/azzzzzz_031123.az 03.11.2023 3K
/opt/test/azzzzz_031123/azzzzzzz_031123.az 03.11.2023 3K
/opt/test/azzzzz_031123/azzzzzzzz_031123.az 03.11.2023 3K
/opt/test/azzzzzz_031123 03.11.2023
/opt/test/azzzzzz_031123/azzzz_031123.az 03.11.2023 3K
/opt/test/azzzzzz_031123/azzzzz_031123.az 03.11.2023 3K
/opt/test/azzzzzz_031123/azzzzzz_031123.az 03.11.2023 3K
/opt/test/azzzzzz_031123/azzzzzzz_031123.az 03.11.2023 3K
/opt/test/azzzzzz_031123/azzzzzzzz_031123.az 03.11.2023 3K
/opt/test/azzzzzzz_031123 03.11.2023
/opt/test/azzzzzzz_031123/azzzz_031123.az 03.11.2023 3K
/opt/test/azzzzzzz_031123/azzzzz_031123.az 03.11.2023 3K
/opt/test/azzzzzzz_031123/azzzzzz_031123.az 03.11.2023 3K
/opt/test/azzzzzzz_031123/azzzzzzz_031123.az 03.11.2023 3K
/opt/test/azzzzzzz_031123/azzzzzzzz_031123.az 03.11.2023 3K
/opt/test/aaaa_031123 03.11.2023
/opt/test/aaaa_031123/azzzz_031123.az 03.11.2023 3K
/opt/test/aaaa_031123/azzzzz_031123.az 03.11.2023 3K
/opt/test/aaaa_031123/azzzzzz_031123.az 03.11.2023 3K
/opt/test/aaaa_031123/azzzzzzz_031123.az 03.11.2023 3K
/opt/test/aaaa_031123/azzzzzzzz_031123.az 03.11.2023 3K
/opt/test/aaaaa_031123 03.11.2023
/opt/test/aaaaa_031123/azzzz_031123.az 03.11.2023 3K
/opt/test/aaaaa_031123/azzzzz_031123.az 03.11.2023 3K
/opt/test/aaaaa_031123/azzzzzz_031123.az 03.11.2023 3K
/opt/test/aaaaa_031123/azzzzzzz_031123.az 03.11.2023 3K
/opt/test/aaaaa_031123/azzzzzzzz_031123.az 03.11.2023 3K
/opt/test/aaaaaa_031123 03.11.2023
/opt/test/aaaaaa_031123/azzzz_031123.az 03.11.2023 3K
/opt/test/aaaaaa_031123/azzzzz_031123.az 03.11.2023 3K
/opt/test/aaaaaa_031123/azzzzzz_031123.az 03.11.2023 3K
/opt/test/aaaaaa_031123/azzzzzzz_031123.az 03.11.2023 3K
/opt/test/aaaaaa_031123/azzzzzzzz_031123.az 03.11.2023 3K
/opt/test/aaaaaaa_031123 03.11.2023
/opt/test/aaaaaaa_031123/azzzz_031123.az 03.11.2023 3K
/opt/test/aaaaaaa_031123/azzzzz_031123.az 03.11.2023 3K
/opt/test/aaaaaaa_031123/azzzzzz_031123.az 03.11.2023 3K
/opt/test/aaaaaaa_031123/azzzzzzz_031123.az 03.11.2023 3K
/opt/test/aaaaaaa_031123/azzzzzzzz_031123.az 03.11.2023 3K
/opt/test/aaaa_031123 03.11.2023
/opt/test/aaaa_031123/azzzz_031123.az 03.11.2023 3K
/opt/test/aaaa_031123/azzzzz_031123.az 03.11.2023 3K
/opt/test/aaaa_031123/azzzzzz_031123.az 03.11.2023 3K
/opt/test/aaaa_031123/azzzzzzz_031123.az 03.11.2023 3K
/opt/test/aaaa_031123/azzzzzzzz_031123.az 03.11.2023 3K
/opt/test/aaaaa_031123 03.11.2023
/opt/test/aaaaa_031123/azzzz_031123.az 03.11.2023 3K
/opt/test/aaaaa_031123/azzzzz_031123.az 03.11.2023 3K
/opt/test/aaaaa_031123/azzzzzz_031123.az 03.11.2023 3K
/opt/test/aaaaa_031123/azzzzzzz_031123.az 03.11.2023 3K
/opt/test/aaaaa_031123/azzzzzzzz_031123.az 03.11.2023 3K
/opt/test/aaaaaa_031123 03.11.2023
/opt/test/aaaaaa_031123/azzzz_031123.az 03.11.2023 3K
/opt/test/aaaaaa_031123/azzzzz_031123.az 03.11.2023 3K
/opt/test/aaaaaa_031123/azzzzzz_031123.az 03.11.2023 3K
/opt/test/aaaaaa_031123/azzzzzzz_031123.az 03.11.2023 3K
/opt/test/aaaaaa_031123/azzzzzzzz_031123.az 03.11.2023 3K
/opt/test/aaaaaaa_031123 03.11.2023
/opt/test/aaaaaaa_031123/azzzz_031123.az 03.11.2023 3K
/opt/test/aaaaaaa_031123/azzzzz_031123.az 03.11.2023 3K
/opt/test/aaaaaaa_031123/azzzzzz_031123.az 03.11.2023 3K
/opt/test/aaaaaaa_031123/azzzzzzz_031123.az 03.11.2023 3K
/opt/test/aaaaaaa_031123/azzzzzzzz_031123.az 03.11.2023 3K
/opt/test/aaaa_031123 03.11.2023
/opt/test/aaaa_031123/az////_031123.az 03.11.2023 3K
/opt/test/aaaa_031123/az/////_031123.az 03.11.2023 3K
/opt/test/aaaa_031123/az//////_031123.az 03.11.2023 3K
/opt/test/aaaa_031123/az///////_031123.az 03.11.2023 3K
/opt/test/aaaa_031123/az////////_031123.az 03.11.2023 3K
/opt/test/aaaaa_031123 03.11.2023
/opt/test/aaaaa_031123/az////_031123.az 03.11.2023 3K
/opt/test/aaaaa_031123/az/////_031123.az 03.11.2023 3K
/opt/test/aaaaa_031123/az//////_031123.az 03.11.2023 3K
/opt/test/aaaaa_031123/az///////_031123.az 03.11.2023 3K
/opt/test/aaaaa_031123/az////////_031123.az 03.11.2023 3K
/opt/test/aaaaaa_031123 03.11.2023
/opt/test/aaaaaa_031123/az////_031123.az 03.11.2023 3K
/opt/test/aaaaaa_031123/az/////_031123.az 03.11.2023 3K
/opt/test/aaaaaa_031123/az//////_031123.az 03.11.2023 3K
/opt/test/aaaaaa_031123/az///////_031123.az 03.11.2023 3K
/opt/test/aaaaaa_031123/az////////_031123.az 03.11.2023 3K
/opt/test/aaaaaaa_031123 03.11.2023
/opt/test/aaaaaaa_031123/az////_031123.az 03.11.2023 3K
/opt/test/aaaaaaa_031123/az/////_031123.az 03.11.2023 3K
/opt/test/aaaaaaa_031123/az//////_031123.az 03.11.2023 3K
/opt/test/aaaaaaa_031123/az///////_031123.az 03.11.2023 3K
/opt/test/aaaaaaa_031123/az////////_031123.az 03.11.2023 3K
/opt/test/aaaa_031123 03.11.2023
/opt/test/aaaa_031123/azzzz_031123.az 03.11.2023 3K
/opt/test/aaaa_031123/azzzzz_031123.az 03.11.2023 3K
/opt/test/aaaa_031123/azzzzzz_031123.az 03.11.2023 3K
/opt/test/aaaa_031123/azzzzzzz_031123.az 03.11.2023 3K
/opt/test/aaaa_031123/azzzzzzzz_031123.az 03.11.2023 3K
/opt/test/aaaaa_031123 03.11.2023
/opt/test/aaaaa_031123/azzzz_031123.az 03.11.2023 3K
/opt/test/aaaaa_031123/azzzzz_031123.az 03.11.2023 3K
/opt/test/aaaaa_031123/azzzzzz_031123.az 03.11.2023 3K
/opt/test/aaaaa_031123/azzzzzzz_031123.az 03.11.2023 3K
/opt/test/aaaaa_031123/azzzzzzzz_031123.az 03.11.2023 3K
/opt/test/aaaaaa_031123 03.11.2023
/opt/test/aaaaaa_031123/azzzz_031123.az 03.11.2023 3K
/opt/test/aaaaaa_031123/azzzzz_031123.az 03.11.2023 3K
/opt/test/aaaaaa_031123/azzzzzz_031123.az 03.11.2023 3K
/opt/test/aaaaaa_031123/azzzzzzz_031123.az 03.11.2023 3K
/opt/test/aaaaaa_031123/azzzzzzzz_031123.az 03.11.2023 3K
/opt/test/aaaaaaa_031123 03.11.2023
/opt/test/aaaaaaa_031123/azzzz_031123.az 03.11.2023 3K
/opt/test/aaaaaaa_031123/azzzzz_031123.az 03.11.2023 3K
/opt/test/aaaaaaa_031123/azzzzzz_031123.az 03.11.2023 3K
/opt/test/aaaaaaa_031123/azzzzzzz_031123.az 03.11.2023 3K
/opt/test/aaaaaaa_031123/azzzzzzzz_031123.az 03.11.2023 3K
